<?xml version="1.0" encoding="UTF-8" ?>
<testsuite errors="1" failures="0" hostname="DESKTOP-4QP9JJR" name="factorydesignpatterns.ShapeFactoryTest" skipped="0" tests="2" time="0.153" timestamp="2024-11-22T17:47:27">
  <properties>
[...]
</properties>
  <testcase classname="factorydesignpatterns.ShapeFactoryTest" name="testGetShape" time="0.006" />
  <testcase classname="factorydesignpatterns.ShapeFactoryTest" name="testGetShapeCircle" time="0.009">
    <error message="class factorydesignpatterns.Circle cannot be cast to class java.util.function.Supplier (factorydesignpatterns.Circle is in unnamed module of loader &apos;app&apos;; java.util.function.Supplier is in module java.base of loader &apos;bootstrap&apos;)" type="java.lang.ClassCastException">java.lang.ClassCastException: class factorydesignpatterns.Circle cannot be cast to class java.util.function.Supplier (factorydesignpatterns.Circle is in unnamed module of loader &apos;app&apos;; java.util.function.Supplier is in module java.base of loader &apos;bootstrap&apos;)
	at factorydesignpatterns.ShapeFactoryTest.testGetShapeCircle(ShapeFactoryTest.java:61)
	at java.base/jdk.internal.reflect.DirectMethodHandleAccessor.invoke(DirectMethodHandleAccessor.java:103)
</error>
  </testcase>
  <system-out><![CDATA[getShape
]]></system-out>
  <system-err><![CDATA[]]></system-err>
</testsuite>
